<?xml version="1.0" encoding="UTF-8"?>
<!-- Generated by org.testng.reporters.JUnitReportReporter -->
<testsuite hostname="DESKTOP-0NVAA7R" failures="0" tests="2" name="com.screenshottest.getScreenshot" time="13.242" errors="0" timestamp="2022-09-16T15:18:20 IST" skipped="0">
  <testcase classname="com.screenshottest.getScreenshot" name="testcase2" time="6.688"/>
  <system-out/>
  <testcase classname="com.screenshottest.getScreenshot" name="testcase1" time="6.554"/>
  <system-out/>
</testsuite> <!-- com.screenshottest.getScreenshot -->
